<?xml version="1.0" encoding="UTF-8"?>
<!-- Generated by org.testng.reporters.JUnitReportReporter -->
<testsuite skipped="0" hostname="Mriduls-MacBook-Air.local" name="com.flipkart.Test.SmokeTest" tests="5" failures="0" timestamp="2021-01-30T17:01:15 GMT" time="30.662" errors="0">
  <testcase name="GoogleTest" time="6.325" classname="com.flipkart.Test.SmokeTest"/>
  <system-out/>
  <testcase name="GoogleTest" time="6.090" classname="com.flipkart.Test.SmokeTest"/>
  <system-out/>
  <testcase name="GoogleTest" time="6.069" classname="com.flipkart.Test.SmokeTest"/>
  <system-out/>
  <testcase name="GoogleTest" time="6.079" classname="com.flipkart.Test.SmokeTest"/>
  <system-out/>
  <testcase name="GoogleTest" time="6.099" classname="com.flipkart.Test.SmokeTest"/>
  <system-out/>
</testsuite> <!-- com.flipkart.Test.SmokeTest -->
